[debug] [2017-10-27T09:00:35.902Z] ----------------------------------------------------------------------
[debug] [2017-10-27T09:00:35.906Z] Command:       /home/ubuntu/.nvm/versions/node/v6.11.2/bin/node /home/ubuntu/.nvm/versions/node/v6.11.2/bin/firebase serve -o 0.0.0.0 -p 8080 --only hosting,functions
[debug] [2017-10-27T09:00:35.907Z] CLI Version:   3.13.1
[debug] [2017-10-27T09:00:35.907Z] Platform:      linux
[debug] [2017-10-27T09:00:35.907Z] Node Version:  v6.11.2
[debug] [2017-10-27T09:00:35.907Z] Time:          Fri Oct 27 2017 09:00:35 GMT+0000 (UTC)
[debug] [2017-10-27T09:00:35.907Z] ----------------------------------------------------------------------
[debug] 
[debug] [2017-10-27T09:00:35.926Z] > command requires scopes: ["email","openid","https://www.googleapis.com/auth/cloudplatformprojects.readonly","https://www.googleapis.com/auth/firebase","https://www.googleapis.com/auth/cloud-platform"]
[debug] [2017-10-27T09:00:35.926Z] > authorizing via signed-in user
[debug] [2017-10-27T09:00:35.931Z] >>> HTTP REQUEST GET https://admin.firebase.com/v1/projects/hello-dfff9  
 Fri Oct 27 2017 09:00:35 GMT+0000 (UTC)
[debug] [2017-10-27T09:00:36.838Z] <<< HTTP RESPONSE 200
[debug] [2017-10-27T09:00:36.840Z] >>> HTTP REQUEST GET https://admin.firebase.com/v1/database/hello-dfff9/tokens  
 Fri Oct 27 2017 09:00:36 GMT+0000 (UTC)
[debug] [2017-10-27T09:00:37.543Z] <<< HTTP RESPONSE 200
[info] 
[info] === Serving from '/home/ubuntu/workspace/_DEV/hello'...
[info] 
[info] i  functions: Preparing to emulate functions.
[debug] [2017-10-27T09:00:38.047Z] >>> HTTP REQUEST GET https://appengine.googleapis.com/v1/apps/hello-dfff9  
 Fri Oct 27 2017 09:00:38 GMT+0000 (UTC)
[debug] [2017-10-27T09:00:38.048Z] >>> HTTP REQUEST GET https://apikeys.googleapis.com/v1/projects/hello-dfff9/apiKeys  
 Fri Oct 27 2017 09:00:38 GMT+0000 (UTC)
[debug] [2017-10-27T09:00:38.049Z] >>> HTTP REQUEST GET https://cloudresourcemanager.googleapis.com/v1/projects/hello-dfff9  
 Fri Oct 27 2017 09:00:38 GMT+0000 (UTC)
[debug] [2017-10-27T09:00:39.032Z] <<< HTTP RESPONSE 200
[debug] [2017-10-27T09:00:39.115Z] <<< HTTP RESPONSE 200
[debug] [2017-10-27T09:00:39.117Z] >>> HTTP REQUEST GET https://mobilesdk-pa.googleapis.com/v1/projects/419993203683/clients/_:getWebAppConfig  
 Fri Oct 27 2017 09:00:39 GMT+0000 (UTC)
[debug] [2017-10-27T09:00:39.284Z] <<< HTTP RESPONSE 200
[debug] [2017-10-27T09:00:39.750Z] <<< HTTP RESPONSE 200
[info] i  hosting: Serving hosting files from: functions/public
[info] ✔  hosting: Local server: http://0.0.0.0:8080

[info] ✔  functions: root: http://localhost:8081/hello-dfff9/us-central1/root
[info] [hosting] Rewriting / to local function root
[info] [hosting] Rewriting / to local function root
[info] [hosting] Rewriting / to local function root
[info] [hosting] Rewriting / to local function root
[info] [hosting] Rewriting / to local function root
[info] [hosting] Rewriting / to local function root
[info] [hosting] Rewriting / to local function root
[info] [hosting] Rewriting /data to local function root
[info] [hosting] Rewriting /data to local function root
[info] [hosting] Rewriting /data to local function root
[info] [hosting] Rewriting /data to local function root
[info] [hosting] Rewriting /data to local function root
[info] [hosting] Rewriting /data to local function root
[info] [hosting] Rewriting /data to local function root
[info] [hosting] Rewriting /data to local function root
[info] [hosting] Rewriting /data to local function root
[info] [hosting] Rewriting /data to local function root
[info] [hosting] Rewriting /data to local function root
[info] [hosting] Rewriting /data to local function root
[info] [hosting] Rewriting /data to local function root
[info] [hosting] Rewriting /data to local function root
[info] [hosting] Rewriting /data to local function root
[info] [hosting] Rewriting /data to local function root
[info] [hosting] Rewriting /data to local function root
[info] [hosting] Rewriting /data to local function root
[info] [hosting] Rewriting /data to local function root
[info] [hosting] Rewriting /data to local function root
[info] [hosting] Rewriting /data to local function root
[info] [hosting] Rewriting /data to local function root
[info] [hosting] Rewriting /data to local function root
[info] [hosting] Rewriting /data to local function root
[info] [hosting] Rewriting /data to local function root
[info] [hosting] Rewriting /data to local function root
[info] [hosting] Rewriting /data to local function root
[info] [hosting] Rewriting /data to local function root
[info] [hosting] Rewriting /data to local function root
[info] [hosting] Rewriting /data to local function root
[info] [hosting] Rewriting /data to local function root
[info] [hosting] Rewriting /data to local function root
[info] [hosting] Rewriting /data to local function root
[info] [hosting] Rewriting /data to local function root
[info] [hosting] Rewriting /data to local function root
[info] [hosting] Rewriting /data to local function root
[info] [hosting] Rewriting /data to local function root
[info] [hosting] Rewriting /data to local function root
[info] [hosting] Rewriting /data to local function root
[info] [hosting] Rewriting /data to local function root
[info] [hosting] Rewriting /data to local function root
[info] [hosting] Rewriting / to local function root
[info] [hosting] Rewriting /data to local function root
[info] [hosting] Rewriting / to local function root
[info] [hosting] Rewriting / to local function root
[info] [hosting] Rewriting / to local function root
[info] [hosting] Rewriting /data to local function root
[info] [hosting] Rewriting / to local function root
[info] [hosting] Rewriting / to local function root
[info] [hosting] Rewriting / to local function root
[info] [hosting] Rewriting / to local function root
[info] [hosting] Rewriting / to local function root
[info] [hosting] Rewriting /data to local function root
[info] [hosting] Rewriting / to local function root
[info] [hosting] Rewriting / to local function root
[info] [hosting] Rewriting /data to local function root
[info] [hosting] Rewriting /data to local function root
[info] [hosting] Rewriting /data to local function root
[info] [hosting] Rewriting /data to local function root
[info] [hosting] Rewriting /data to local function root
[info] [hosting] Rewriting / to local function root
[info] [hosting] Rewriting /data to local function root
[info] [hosting] Rewriting /data to local function root
[info] [hosting] Rewriting / to local function root
[info] [hosting] Rewriting /data to local function root
[info] [hosting] Rewriting /data to local function root
[info] [hosting] Rewriting /data to local function root
[info] [hosting] Rewriting /data to local function root
[info] [hosting] Rewriting /data to local function root
[info] [hosting] Rewriting / to local function root
[info] [hosting] Rewriting / to local function root
[info] [hosting] Rewriting / to local function root
[info] [hosting] Rewriting / to local function root
[info] [hosting] Rewriting /data to local function root
[info] [hosting] Rewriting / to local function root
[info] [hosting] Rewriting / to local function root
[info] [hosting] Rewriting /data to local function root
[info] [hosting] Rewriting /data to local function root
[info] [hosting] Rewriting /data to local function root
[info] [hosting] Rewriting / to local function root
[info] [hosting] Rewriting / to local function root
[info] [hosting] Rewriting / to local function root
[info] [hosting] Rewriting /data to local function root
[info] [hosting] Rewriting /data to local function root
[info] [hosting] Rewriting /data to local function root
[info] [hosting] Rewriting /data to local function root
[info] [hosting] Rewriting /data to local function root
[info] [hosting] Rewriting /data to local function root
[info] [hosting] Rewriting /data to local function root
[info] [hosting] Rewriting / to local function root
[info] [hosting] Rewriting /data to local function root
[info] [hosting] Rewriting /todo to local function root
[info] [hosting] Rewriting /todo to local function root
[info] [hosting] Rewriting /todo to local function root
[info] [hosting] Rewriting /todo to local function root
[info] [hosting] Rewriting /todo to local function root
[info] [hosting] Rewriting /todo to local function root
[info] [hosting] Rewriting /todo to local function root
[info] [hosting] Rewriting /todo to local function root
[info] [hosting] Rewriting /todo to local function root
[info] [hosting] Rewriting /todo to local function root
[info] [hosting] Rewriting /todo to local function root
[info] [hosting] Rewriting /todo to local function root
[info] [hosting] Rewriting /todo to local function root
[info] [hosting] Rewriting /todo to local function root
[info] [hosting] Rewriting /todo to local function root
[info] [hosting] Rewriting /todo to local function root
[info] [hosting] Rewriting /todo to local function root
[info] [hosting] Rewriting / to local function root
[info] [hosting] Rewriting / to local function root
[info] [hosting] Rewriting /todo to local function root
[info] [hosting] Rewriting /data to local function root
[info] [hosting] Rewriting /data to local function root
[info] [hosting] Rewriting /data to local function root
[info] [hosting] Rewriting /data to local function root
[info] [hosting] Rewriting /data to local function root
[info] [hosting] Rewriting /data to local function root
[info] [hosting] Rewriting /data to local function root
[info] [hosting] Rewriting /data to local function root
[info] [hosting] Rewriting /data to local function root
[info] [hosting] Rewriting /data to local function root
[info] [hosting] Rewriting /data to local function root
[info] [hosting] Rewriting /data to local function root
[info] [hosting] Rewriting /data to local function root
[info] [hosting] Rewriting /data to local function root
[info] [hosting] Rewriting /data to local function root
[debug] [2017-10-28T05:30:56.584Z] ----------------------------------------------------------------------
[debug] [2017-10-28T05:30:56.588Z] Command:       /home/ubuntu/.nvm/versions/node/v6.11.2/bin/node /home/ubuntu/.nvm/versions/node/v6.11.2/bin/firebase serve -o 0.0.0.0 -p 8080 --only hosting,functions
[debug] [2017-10-28T05:30:56.589Z] CLI Version:   3.13.1
[debug] [2017-10-28T05:30:56.589Z] Platform:      linux
[debug] [2017-10-28T05:30:56.589Z] Node Version:  v6.11.2
[debug] [2017-10-28T05:30:56.590Z] Time:          Sat Oct 28 2017 05:30:56 GMT+0000 (UTC)
[debug] [2017-10-28T05:30:56.590Z] ----------------------------------------------------------------------
[debug] 
[debug] [2017-10-28T05:30:56.612Z] > command requires scopes: ["email","openid","https://www.googleapis.com/auth/cloudplatformprojects.readonly","https://www.googleapis.com/auth/firebase","https://www.googleapis.com/auth/cloud-platform"]
[debug] [2017-10-28T05:30:56.612Z] > authorizing via signed-in user
[debug] [2017-10-28T05:30:56.616Z] > refreshing access token with scopes: ["email","https://www.googleapis.com/auth/cloud-platform","https://www.googleapis.com/auth/cloudplatformprojects.readonly","https://www.googleapis.com/auth/firebase","openid"]
[debug] [2017-10-28T05:30:56.616Z] >>> HTTP REQUEST POST https://www.googleapis.com/oauth2/v3/token { refresh_token: '1/rSXVEMGXFB6t2WBRNrdKKmoaRg8LD4Yc0hpT9ju8QEQ',
  client_id: '563584335869-fgrhgmd47bqnekij5i8b5pr03ho849e6.apps.googleusercontent.com',
  client_secret: 'j9iVZfS8kkCEFUPaAeJV0sAi',
  grant_type: 'refresh_token',
  scope: 'email https://www.googleapis.com/auth/cloud-platform https://www.googleapis.com/auth/cloudplatformprojects.readonly https://www.googleapis.com/auth/firebase openid' } 
 Sat Oct 28 2017 05:30:56 GMT+0000 (UTC)
[debug] [2017-10-28T05:30:56.909Z] <<< HTTP RESPONSE 200
[debug] [2017-10-28T05:30:56.920Z] >>> HTTP REQUEST GET https://admin.firebase.com/v1/projects/hello-dfff9  
 Sat Oct 28 2017 05:30:56 GMT+0000 (UTC)
[debug] [2017-10-28T05:30:57.697Z] <<< HTTP RESPONSE 200
[debug] [2017-10-28T05:30:57.699Z] >>> HTTP REQUEST GET https://admin.firebase.com/v1/database/hello-dfff9/tokens  
 Sat Oct 28 2017 05:30:57 GMT+0000 (UTC)
[debug] [2017-10-28T05:30:58.524Z] <<< HTTP RESPONSE 200
[info] 
[info] === Serving from '/home/ubuntu/workspace/_DEV/hello'...
[info] 
[info] i  functions: Preparing to emulate functions.
[debug] [2017-10-28T05:30:59.101Z] >>> HTTP REQUEST GET https://appengine.googleapis.com/v1/apps/hello-dfff9  
 Sat Oct 28 2017 05:30:59 GMT+0000 (UTC)
[debug] [2017-10-28T05:30:59.102Z] >>> HTTP REQUEST GET https://apikeys.googleapis.com/v1/projects/hello-dfff9/apiKeys  
 Sat Oct 28 2017 05:30:59 GMT+0000 (UTC)
[debug] [2017-10-28T05:30:59.102Z] >>> HTTP REQUEST GET https://cloudresourcemanager.googleapis.com/v1/projects/hello-dfff9  
 Sat Oct 28 2017 05:30:59 GMT+0000 (UTC)
[debug] [2017-10-28T05:31:00.027Z] <<< HTTP RESPONSE 200
[debug] [2017-10-28T05:31:00.028Z] >>> HTTP REQUEST GET https://mobilesdk-pa.googleapis.com/v1/projects/419993203683/clients/_:getWebAppConfig  
 Sat Oct 28 2017 05:31:00 GMT+0000 (UTC)
[debug] [2017-10-28T05:31:00.339Z] <<< HTTP RESPONSE 200
[debug] [2017-10-28T05:31:00.547Z] <<< HTTP RESPONSE 200
[debug] [2017-10-28T05:31:00.883Z] <<< HTTP RESPONSE 200
[info] i  hosting: Serving hosting files from: functions/public
[info] ✔  hosting: Local server: http://0.0.0.0:8080

[info] ✔  functions: root: http://localhost:8081/hello-dfff9/us-central1/root
[info] [hosting] Rewriting /data to local function root
[info] [hosting] Rewriting /data to local function root
[info] [hosting] Rewriting /data to local function root
[info] [hosting] Rewriting /data to local function root
[info] [hosting] Rewriting /data to local function root
[info] [hosting] Rewriting /data to local function root
[info] [hosting] Rewriting /data to local function root
[info] [hosting] Rewriting /data to local function root
[info] [hosting] Rewriting /data to local function root
[info] [hosting] Rewriting /data to local function root
[info] [hosting] Rewriting /data to local function root
[info] [hosting] Rewriting /data to local function root
[info] [hosting] Rewriting /data to local function root
[info] [hosting] Rewriting /data to local function root
[info] [hosting] Rewriting /data to local function root
[info] [hosting] Rewriting /data to local function root
[info] [hosting] Rewriting /data to local function root
[info] [hosting] Rewriting /data to local function root
[info] [hosting] Rewriting /data to local function root
[info] [hosting] Rewriting /data to local function root
[info] [hosting] Rewriting /data to local function root
[info] [hosting] Rewriting /data to local function root
[info] [hosting] Rewriting /data to local function root
[info] [hosting] Rewriting /data to local function root
[info] [hosting] Rewriting /data to local function root
[info] [hosting] Rewriting /data to local function root
[info] [hosting] Rewriting /data to local function root
[info] [hosting] Rewriting /data to local function root
[info] [hosting] Rewriting /data to local function root
[info] [hosting] Rewriting /data to local function root
[info] [hosting] Rewriting /data to local function root
[info] [hosting] Rewriting /data to local function root
[info] [hosting] Rewriting /data to local function root
[info] [hosting] Rewriting /data to local function root
[info] [hosting] Rewriting /data to local function root
[info] [hosting] Rewriting /data to local function root
[info] [hosting] Rewriting /data to local function root
[info] [hosting] Rewriting /data to local function root
[info] [hosting] Rewriting /data to local function root
[info] [hosting] Rewriting /data to local function root
[info] [hosting] Rewriting /data to local function root
[info] [hosting] Rewriting /data to local function root
[info] [hosting] Rewriting /data to local function root
[info] [hosting] Rewriting /data to local function root
[info] [hosting] Rewriting /data to local function root
[info] [hosting] Rewriting /data to local function root
[info] [hosting] Rewriting /data to local function root
[info] [hosting] Rewriting /data to local function root
[info] [hosting] Rewriting /data to local function root
[info] [hosting] Rewriting /data to local function root
[info] [hosting] Rewriting /data to local function root
[info] [hosting] Rewriting /data to local function root
[info] [hosting] Rewriting /data to local function root
[info] [hosting] Rewriting /data to local function root
[info] [hosting] Rewriting /data to local function root
[info] [hosting] Rewriting /data to local function root
[info] [hosting] Rewriting /data to local function root
[info] [hosting] Rewriting /data to local function root
[info] [hosting] Rewriting /data to local function root
[info] [hosting] Rewriting /data to local function root
[info] [hosting] Rewriting /data to local function root
[info] [hosting] Rewriting /data to local function root
[info] [hosting] Rewriting /data to local function root
[info] [hosting] Rewriting /data to local function root
[info] [hosting] Rewriting /data to local function root
[info] [hosting] Rewriting /data to local function root
[info] [hosting] Rewriting /data to local function root
[info] [hosting] Rewriting /data to local function root
[info] [hosting] Rewriting /data to local function root
[info] [hosting] Rewriting /data to local function root
[info] [hosting] Rewriting /data to local function root
[info] [hosting] Rewriting /data to local function root
